Compiling the C compiler identification source file "CMakeCCompilerId.c" failed.
Compiler: /home/luden/zephyr-sdk-0.17.0/xtensa-espressif_esp32_zephyr-elf/bin/xtensa-espressif_esp32_zephyr-elf-gcc 
Build flags: 
Id flags:  

The output was:
1
/home/luden/zephyr-sdk-0.17.0/xtensa-espressif_esp32_zephyr-elf/bin/../lib/gcc/xtensa-espressif_esp32_zephyr-elf/12.2.0/../../../../xtensa-espressif_esp32_zephyr-elf/bin/ld: cannot find _vectors.o: No such file or directory
/home/luden/zephyr-sdk-0.17.0/xtensa-espressif_esp32_zephyr-elf/bin/../lib/gcc/xtensa-espressif_esp32_zephyr-elf/12.2.0/../../../../xtensa-espressif_esp32_zephyr-elf/bin/ld: cannot find -lhandlers-sim: No such file or directory
/home/luden/zephyr-sdk-0.17.0/xtensa-espressif_esp32_zephyr-elf/bin/../lib/gcc/xtensa-espressif_esp32_zephyr-elf/12.2.0/../../../../xtensa-espressif_esp32_zephyr-elf/bin/ld: cannot find -lhal: No such file or directory
collect2: error: ld returned 1 exit status


Compiling the CXX compiler identification source file "CMakeCXXCompilerId.cpp" failed.
Compiler: /home/luden/zephyr-sdk-0.17.0/xtensa-espressif_esp32_zephyr-elf/bin/xtensa-espressif_esp32_zephyr-elf-g++ 
Build flags: 
Id flags:  

The output was:
1
/home/luden/zephyr-sdk-0.17.0/xtensa-espressif_esp32_zephyr-elf/bin/../lib/gcc/xtensa-espressif_esp32_zephyr-elf/12.2.0/../../../../xtensa-espressif_esp32_zephyr-elf/bin/ld: cannot find _vectors.o: No such file or directory
/home/luden/zephyr-sdk-0.17.0/xtensa-espressif_esp32_zephyr-elf/bin/../lib/gcc/xtensa-espressif_esp32_zephyr-elf/12.2.0/../../../../xtensa-espressif_esp32_zephyr-elf/bin/ld: cannot find -lhandlers-sim: No such file or directory
/home/luden/zephyr-sdk-0.17.0/xtensa-espressif_esp32_zephyr-elf/bin/../lib/gcc/xtensa-espressif_esp32_zephyr-elf/12.2.0/../../../../xtensa-espressif_esp32_zephyr-elf/bin/ld: cannot find -lhal: No such file or directory
collect2: error: ld returned 1 exit status


Performing C SOURCE FILE Test check_mstack_protector_guard_global_C__nostartfiles__nostdlib__isystem___home_luden_zephyr_sdk_0_17_0_xtensa_espressif_esp32_zephyr_elf_bin____lib_gcc_xtensa_espressif_esp32_zephyr_elf_12_2_0_include___isystem___home_luden_zephyr_sdk_0_17_0_xtensa_espressif_esp32_zephyr_elf_bin____lib_gcc_xtensa_espressif_esp32_zephyr_elf_12_2_0_include_fixed___Wl___unresolved_symbols_ignore_in_object_files__Wl___entry_0__fuse_ld_bfd failed with the following output:
Change Dir: /home/luden/zephyrproject/IOT_SmartHome/build/CMakeFiles/CMakeTmp

Run Build Command(s):/usr/bin/ninja cmTC_b8dec && [1/2] Building C object CMakeFiles/cmTC_b8dec.dir/src.c.obj
FAILED: CMakeFiles/cmTC_b8dec.dir/src.c.obj 
/home/luden/zephyr-sdk-0.17.0/xtensa-espressif_esp32_zephyr-elf/bin/xtensa-espressif_esp32_zephyr-elf-gcc -Dcheck_mstack_protector_guard_global_C__nostartfiles__nostdlib__isystem___home_luden_zephyr_sdk_0_17_0_xtensa_espressif_esp32_zephyr_elf_bin____lib_gcc_xtensa_espressif_esp32_zephyr_elf_12_2_0_include___isystem___home_luden_zephyr_sdk_0_17_0_xtensa_espressif_esp32_zephyr_elf_bin____lib_gcc_xtensa_espressif_esp32_zephyr_elf_12_2_0_include_fixed___Wl___unresolved_symbols_ignore_in_object_files__Wl___entry_0__fuse_ld_bfd  -nostartfiles -nostdlib -isystem "/home/luden/zephyr-sdk-0.17.0/xtensa-espressif_esp32_zephyr-elf/bin/../lib/gcc/xtensa-espressif_esp32_zephyr-elf/12.2.0/include" -isystem "/home/luden/zephyr-sdk-0.17.0/xtensa-espressif_esp32_zephyr-elf/bin/../lib/gcc/xtensa-espressif_esp32_zephyr-elf/12.2.0/include-fixed" -Wl,--unresolved-symbols=ignore-in-object-files -Wl,--entry=0 -fuse-ld=bfd   -mstack-protector-guard=global -o CMakeFiles/cmTC_b8dec.dir/src.c.obj -c /home/luden/zephyrproject/IOT_SmartHome/build/CMakeFiles/CMakeTmp/src.c
xtensa-espressif_esp32_zephyr-elf-gcc: error: unrecognized command-line option '-mstack-protector-guard=global'; did you mean '-fstack-protector-all'?
ninja: build stopped: subcommand failed.


Source file was:
int main(void) { return 0; }
Performing C SOURCE FILE Test check_C__nostartfiles__nostdlib__isystem___home_luden_zephyr_sdk_0_17_0_xtensa_espressif_esp32_zephyr_elf_bin____lib_gcc_xtensa_espressif_esp32_zephyr_elf_12_2_0_include___isystem___home_luden_zephyr_sdk_0_17_0_xtensa_espressif_esp32_zephyr_elf_bin____lib_gcc_xtensa_espressif_esp32_zephyr_elf_12_2_0_include_fixed___Wl___unresolved_symbols_ignore_in_object_files__Wl___entry_0__fuse_ld_bfd__Wl___orphan_handling_error failed with the following output:
Change Dir: /home/luden/zephyrproject/IOT_SmartHome/build/CMakeFiles/CMakeTmp

Run Build Command(s):/usr/bin/ninja cmTC_a1d43 && [1/2] Building C object CMakeFiles/cmTC_a1d43.dir/src.c.obj
[2/2] Linking C executable cmTC_a1d43
FAILED: cmTC_a1d43 
: && /home/luden/zephyr-sdk-0.17.0/xtensa-espressif_esp32_zephyr-elf/bin/xtensa-espressif_esp32_zephyr-elf-gcc -nostartfiles -nostdlib -isystem "/home/luden/zephyr-sdk-0.17.0/xtensa-espressif_esp32_zephyr-elf/bin/../lib/gcc/xtensa-espressif_esp32_zephyr-elf/12.2.0/include" -isystem "/home/luden/zephyr-sdk-0.17.0/xtensa-espressif_esp32_zephyr-elf/bin/../lib/gcc/xtensa-espressif_esp32_zephyr-elf/12.2.0/include-fixed" -Wl,--unresolved-symbols=ignore-in-object-files -Wl,--entry=0 -fuse-ld=bfd -Wl,--orphan-handling=error  CMakeFiles/cmTC_a1d43.dir/src.c.obj -o cmTC_a1d43   && :
/home/luden/zephyr-sdk-0.17.0/xtensa-espressif_esp32_zephyr-elf/bin/../lib/gcc/xtensa-espressif_esp32_zephyr-elf/12.2.0/../../../../xtensa-espressif_esp32_zephyr-elf/bin/ld.bfd: error: unplaced orphan section `.xtensa.info' from `CMakeFiles/cmTC_a1d43.dir/src.c.obj'
collect2: error: ld returned 1 exit status
ninja: build stopped: subcommand failed.


Source file was:
int main(void) { return 0; }
Performing C SOURCE FILE Test check_C__nostartfiles__nostdlib__isystem___home_luden_zephyr_sdk_0_17_0_xtensa_espressif_esp32_zephyr_elf_bin____lib_gcc_xtensa_espressif_esp32_zephyr_elf_12_2_0_include___isystem___home_luden_zephyr_sdk_0_17_0_xtensa_espressif_esp32_zephyr_elf_bin____lib_gcc_xtensa_espressif_esp32_zephyr_elf_12_2_0_include_fixed___Wl___unresolved_symbols_ignore_in_object_files__Wl___entry_0__fuse_ld_bfd__pg failed with the following output:
Change Dir: /home/luden/zephyrproject/IOT_SmartHome/build/CMakeFiles/CMakeTmp

Run Build Command(s):/usr/bin/ninja cmTC_00938 && [1/2] Building C object CMakeFiles/cmTC_00938.dir/src.c.obj
[2/2] Linking C executable cmTC_00938
FAILED: cmTC_00938 
: && /home/luden/zephyr-sdk-0.17.0/xtensa-espressif_esp32_zephyr-elf/bin/xtensa-espressif_esp32_zephyr-elf-gcc -nostartfiles -nostdlib -isystem "/home/luden/zephyr-sdk-0.17.0/xtensa-espressif_esp32_zephyr-elf/bin/../lib/gcc/xtensa-espressif_esp32_zephyr-elf/12.2.0/include" -isystem "/home/luden/zephyr-sdk-0.17.0/xtensa-espressif_esp32_zephyr-elf/bin/../lib/gcc/xtensa-espressif_esp32_zephyr-elf/12.2.0/include-fixed" -Wl,--unresolved-symbols=ignore-in-object-files -Wl,--entry=0 -fuse-ld=bfd -pg  CMakeFiles/cmTC_00938.dir/src.c.obj -o cmTC_00938   && :
CMakeFiles/cmTC_00938.dir/src.c.obj: in function `main':
src.c:(.text+0x7): dangerous relocation: call8: call target out of range: _mcount
collect2: error: ld returned 1 exit status
ninja: build stopped: subcommand failed.


Source file was:
int main(void) { return 0; }
